<?xml version="1.0" encoding="UTF-8"?>
<!-- Generated by org.testng.reporters.JUnitReportReporter -->
<testsuite hostname="VAMSI_KRISHNA" failures="0" tests="3" name="com.sample.testng.SampleTestng" time="0.024" errors="0" timestamp="11 Jul 2020 04:21:07 GMT" skipped="1">
  <testcase classname="com.sample.testng.SampleTestng" name="test3" time="0.018"/>
  <testcase classname="com.sample.testng.SampleTestng" name="test1" time="0.006"/>
  <testcase classname="com.sample.testng.SampleTestng" name="test2">
    <skipped/>
  </testcase> <!-- test2 -->
</testsuite> <!-- com.sample.testng.SampleTestng -->
