<?xml version="1.0" encoding="UTF-8"?>
<!-- Generated by org.testng.reporters.JUnitReportReporter -->
<testsuite hostname="VAMSI_KRISHNA" failures="0" tests="2" name="com.sample.testng.TestngSample2" time="0.008" errors="0" timestamp="11 Jul 2020 04:21:07 GMT" skipped="0">
  <testcase classname="com.sample.testng.TestngSample2" name="test6" time="0.003"/>
  <testcase classname="com.sample.testng.TestngSample2" name="test5" time="0.005"/>
</testsuite> <!-- com.sample.testng.TestngSample2 -->
