<?xml version="1.0" encoding="UTF-8"?>
<!-- Generated by org.testng.reporters.JUnitReportReporter -->
<testsuite hostname="VAMSI_KRISHNA" failures="0" tests="3" name="com.sample.testng.SampleTest" time="0.020" errors="0" timestamp="10 Jul 2020 11:47:29 GMT" skipped="1">
  <testcase classname="com.sample.testng.SampleTest" name="test3" time="0.011"/>
  <testcase classname="com.sample.testng.SampleTest" name="test1" time="0.009"/>
  <testcase classname="com.sample.testng.SampleTest" name="test2">
    <skipped/>
  </testcase> <!-- test2 -->
</testsuite> <!-- com.sample.testng.SampleTest -->
